<?xml version="1.0" encoding="utf-8"?><testsuites name="pytest tests"><testsuite name="pytest" errors="0" failures="0" skipped="0" tests="30" time="27.239" timestamp="2026-02-14T08:24:55.996264+00:00" hostname="agent-env-11a23bb2-546b-44e9-8c62-3c6a16015c7f"><testcase classname="tests.test_backend_api.TestPublicEndpoints" name="test_public_stats" time="0.668" /><testcase classname="tests.test_backend_api.TestAuthFlow" name="test_signup" time="0.385" /><testcase classname="tests.test_backend_api.TestAuthFlow" name="test_duplicate_signup" time="0.137" /><testcase classname="tests.test_backend_api.TestAuthFlow" name="test_login_success" time="0.327" /><testcase classname="tests.test_backend_api.TestAuthFlow" name="test_login_invalid_credentials" time="0.356" /><testcase classname="tests.test_backend_api.TestAuthFlow" name="test_get_current_user" time="0.102" /><testcase classname="tests.test_backend_api.TestTasksCRUD" name="test_create_task" time="0.122" /><testcase classname="tests.test_backend_api.TestTasksCRUD" name="test_get_tasks" time="0.127" /><testcase classname="tests.test_backend_api.TestTasksCRUD" name="test_get_incomplete_tasks" time="0.144" /><testcase classname="tests.test_backend_api.TestTasksCRUD" name="test_complete_task" time="0.098" /><testcase classname="tests.test_backend_api.TestTasksCRUD" name="test_complete_task_again" time="0.104" /><testcase classname="tests.test_backend_api.TestTasksCRUD" name="test_delete_task" time="0.215" /><testcase classname="tests.test_backend_api.TestBossChallenge" name="test_get_daily_boss" time="0.336" /><testcase classname="tests.test_backend_api.TestBossChallenge" name="test_generate_exam" time="9.913" /><testcase classname="tests.test_backend_api.TestQuestsSystems" name="test_get_daily_quests" time="0.127" /><testcase classname="tests.test_backend_api.TestQuestsSystems" name="test_get_weekly_quests" time="0.107" /><testcase classname="tests.test_backend_api.TestSkillTrees" name="test_get_skill_trees" time="0.110" /><testcase classname="tests.test_backend_api.TestAchievements" name="test_get_achievements" time="0.106" /><testcase classname="tests.test_backend_api.TestAchievements" name="test_get_available_achievements" time="0.106" /><testcase classname="tests.test_backend_api.TestFocusSessions" name="test_start_focus_session" time="0.107" /><testcase classname="tests.test_backend_api.TestFocusSessions" name="test_end_focus_session" time="0.110" /><testcase classname="tests.test_backend_api.TestFocusSessions" name="test_get_focus_sessions" time="0.107" /><testcase classname="tests.test_backend_api.TestAICoach" name="test_chat_motivational_mode" time="9.521" /><testcase classname="tests.test_backend_api.TestAICoach" name="test_chat_strict_mode" time="2.881" /><testcase classname="tests.test_backend_api.TestAnalytics" name="test_get_analytics_dashboard" time="0.108" /><testcase classname="tests.test_backend_api.TestYouTubeLearning" name="test_search_youtube_videos" time="0.100" /><testcase classname="tests.test_backend_api.TestAdminPanel" name="test_admin_login" time="0.336" /><testcase classname="tests.test_backend_api.TestAdminPanel" name="test_admin_invalid_credentials" time="0.103" /><testcase classname="tests.test_backend_api.TestAdminPanel" name="test_admin_get_status" time="0.116" /><testcase classname="tests.test_backend_api.TestAdminPanel" name="test_admin_list_admins" time="0.098" /></testsuite></testsuites>